<?xml version="1.0" encoding="UTF-8"?>
<!-- Generated by org.testng.reporters.JUnitReportReporter -->
<testsuite skipped="0" hostname="ST" name="Trellorestassuredproject.Trellorestassuredproject.TC_GET_reqress_LIST_USERS" tests="1" failures="0" timestamp="08 Jul 2021 23:11:27 GMT" time="2.279" errors="0">
  <testcase name="test_GET_ListUsers" time="2.279" classname="Trellorestassuredproject.Trellorestassuredproject.TC_GET_reqress_LIST_USERS"/>
</testsuite> <!-- Trellorestassuredproject.Trellorestassuredproject.TC_GET_reqress_LIST_USERS -->
