<?xml version="1.0" encoding="UTF-8"?>
<!-- Generated by org.testng.reporters.JUnitReportReporter -->
<testsuite skipped="0" hostname="ST" name="reassured_reqress_project.reassured_reqress_project.TC_GET_reqress_LIST_USERS" tests="1" failures="0" timestamp="09 Jul 2021 17:04:18 GMT" time="2.893" errors="0">
  <testcase name="test_GET_ListUsers" time="2.893" classname="reassured_reqress_project.reassured_reqress_project.TC_GET_reqress_LIST_USERS"/>
</testsuite> <!-- reassured_reqress_project.reassured_reqress_project.TC_GET_reqress_LIST_USERS -->
